<?xml version="1.0" encoding="UTF-8"?>
<!-- Generated by org.testng.reporters.JUnitReportReporter -->
<testsuite skipped="0" hostname="KSRSACLAP" name="qaclickacademy.RESTAPI_Test" tests="2" failures="0" timestamp="02 Jun 2021 02:32:51 GMT" time="0.002" errors="0">
  <testcase name="delete_Twitter" time="0.001" classname="qaclickacademy.RESTAPI_Test"/>
  <testcase name="postJeer" time="0.001" classname="qaclickacademy.RESTAPI_Test"/>
</testsuite> <!-- qaclickacademy.RESTAPI_Test -->
