<?xml version="1.0" encoding="UTF-8"?>
<!-- Generated by org.testng.reporters.JUnitReportReporter -->
<testsuite skipped="0" hostname="KSRSACLAP" name="qaclickacademy.Appium_Test" tests="2" failures="0" timestamp="02 Jun 2021 02:32:51 GMT" time="0.014" errors="0">
  <testcase name="IOS" time="0.012" classname="qaclickacademy.Appium_Test"/>
  <testcase name="NAtiveAppAndroid" time="0.002" classname="qaclickacademy.Appium_Test"/>
</testsuite> <!-- qaclickacademy.Appium_Test -->
