<?xml version="1.0" encoding="UTF-8"?>
<!-- Generated by org.testng.reporters.JUnitReportReporter -->
<testsuite skipped="0" hostname="KSRSACLAP" name="qaclickacademy.Selenium_Test" tests="2" failures="0" timestamp="02 Jun 2021 02:32:51 GMT" time="0.001" errors="0">
  <testcase name="elementsUI" time="0.001" classname="qaclickacademy.Selenium_Test"/>
  <testcase name="browser_Auto" time="0.000" classname="qaclickacademy.Selenium_Test"/>
</testsuite> <!-- qaclickacademy.Selenium_Test -->
